<?xml version="1.0" encoding="UTF-8"?>
<!-- Generated by org.testng.reporters.JUnitReportReporter -->
<testsuite hostname="DESKTOP-BE5AN9G" failures="0" tests="2" name="practice.test.InvoiceTest_Listeners" time="151.742" errors="0" timestamp="2026-02-17T15:00:13 IST" skipped="0">
  <testcase classname="practice.test.InvoiceTest_Listeners" name="createInvoioceTest" time="75.204"/>
  <testcase classname="practice.test.InvoiceTest_Listeners" name="createInvoioceWithContactTest" time="76.538"/>
</testsuite> <!-- practice.test.InvoiceTest_Listeners -->
