<?xml version="1.0" encoding="UTF-8"?>
<!-- Generated by org.testng.reporters.JUnitXMLReporter -->
<testsuite ignored="2" hostname="DESKTOP-BE5AN9G" failures="0" tests="6" name="TestRunner-Chrome" time="62.983" errors="0" timestamp="2026-02-16T13:17:21 IST">
  <testcase classname="com.comcast.crm.contacttest.CreateContactTest_WithConfigDat" name="createContactTest" time="0.0">
    <skipped/>
  </testcase> <!-- createContactTest -->
  <testcase classname="com.comcast.crm.contacttest.CreateContactTest_WithConfigDat" name="createContactWithOrgTest" time="0.0">
    <skipped/>
  </testcase> <!-- createContactWithOrgTest -->
  <testcase classname="com.comcast.crm.contacttest.CreateContactTest_WithConfigDat" name="createContactWithSupportDateTest" time="0.0">
    <skipped/>
  </testcase> <!-- createContactWithSupportDateTest -->
  <testcase classname="com.comcast.crm.orgtest.CreateOrgTest_WithConfigData" name="createOrgTest" time="0.0">
    <skipped/>
  </testcase> <!-- createOrgTest -->
  <testcase classname="com.comcast.crm.orgtest.CreateOrgTest_WithConfigData" name="createOrgWithIndustry" time="0.001">
    <skipped/>
  </testcase> <!-- createOrgWithIndustry -->
  <testcase classname="com.comcast.crm.orgtest.CreateOrgTest_WithConfigData" name="createOrgWithPhnNum" time="0.0">
    <skipped/>
  </testcase> <!-- createOrgWithPhnNum -->
  <testcase classname="com.comcast.crm.basetest.BaseClass" name="@BeforeSuite configBS" time="0.0">
    <ignored/>
  </testcase> <!-- @BeforeSuite configBS -->
  <testcase classname="com.comcast.crm.basetest.BaseClass" name="@AfterSuite configAS" time="0.0">
    <ignored/>
  </testcase> <!-- @AfterSuite configAS -->
</testsuite> <!-- TestRunner-Chrome -->
