<?xml version="1.0" encoding="UTF-8"?>
<testng-results ignored="0" total="2" passed="2" failed="0" skipped="0">
  <reporter-output>
  </reporter-output>
  <suite started-at="2026-02-17T14:57:28 IST" name="Default suite" finished-at="2026-02-17T15:00:12 IST" duration-ms="164082">
    <groups>
    </groups>
    <test started-at="2026-02-17T14:57:28 IST" name="Default test" finished-at="2026-02-17T15:00:12 IST" duration-ms="164082">
      <class name="practice.test.InvoiceTest_Listeners">
        <test-method is-config="true" signature="configBS()[pri:0, instance:practice.test.InvoiceTest_Listeners@24313fcc]" started-at="2026-02-17T14:57:27 IST" name="configBS" finished-at="2026-02-17T14:57:28 IST" duration-ms="46" status="PASS">
          <reporter-output>
          </reporter-output>
        </test-method> <!-- configBS -->
        <test-method is-config="true" signature="configBC()[pri:0, instance:practice.test.InvoiceTest_Listeners@24313fcc]" started-at="2026-02-17T14:57:28 IST" name="configBC" finished-at="2026-02-17T14:57:38 IST" duration-ms="10146" status="PASS">
          <reporter-output>
          </reporter-output>
        </test-method> <!-- configBC -->
        <test-method is-config="true" signature="configBM()[pri:0, instance:practice.test.InvoiceTest_Listeners@24313fcc]" started-at="2026-02-17T14:57:38 IST" name="configBM" finished-at="2026-02-17T14:58:51 IST" duration-ms="73014" status="PASS">
          <reporter-output>
          </reporter-output>
        </test-method> <!-- configBM -->
        <test-method signature="createInvoioceTest()[pri:0, instance:practice.test.InvoiceTest_Listeners@24313fcc]" started-at="2026-02-17T14:58:51 IST" name="createInvoioceTest" finished-at="2026-02-17T14:58:51 IST" duration-ms="216" status="PASS">
          <reporter-output>
          </reporter-output>
        </test-method> <!-- createInvoioceTest -->
        <test-method is-config="true" signature="configAm()[pri:0, instance:practice.test.InvoiceTest_Listeners@24313fcc]" started-at="2026-02-17T14:58:51 IST" name="configAm" finished-at="2026-02-17T14:58:55 IST" duration-ms="3494" status="PASS">
          <reporter-output>
          </reporter-output>
        </test-method> <!-- configAm -->
        <test-method is-config="true" signature="configBM()[pri:0, instance:practice.test.InvoiceTest_Listeners@24313fcc]" started-at="2026-02-17T14:58:55 IST" name="configBM" finished-at="2026-02-17T14:59:05 IST" duration-ms="10448" status="PASS">
          <reporter-output>
          </reporter-output>
        </test-method> <!-- configBM -->
        <test-method signature="createInvoioceWithContactTest()[pri:0, instance:practice.test.InvoiceTest_Listeners@24313fcc]" started-at="2026-02-17T14:59:05 IST" name="createInvoioceWithContactTest" finished-at="2026-02-17T14:59:05 IST" duration-ms="30" status="PASS">
          <reporter-output>
          </reporter-output>
        </test-method> <!-- createInvoioceWithContactTest -->
        <test-method is-config="true" signature="configAm()[pri:0, instance:practice.test.InvoiceTest_Listeners@24313fcc]" started-at="2026-02-17T14:59:05 IST" name="configAm" finished-at="2026-02-17T15:00:10 IST" duration-ms="64540" status="PASS">
          <reporter-output>
          </reporter-output>
        </test-method> <!-- configAm -->
        <test-method is-config="true" signature="configAC()[pri:0, instance:practice.test.InvoiceTest_Listeners@24313fcc]" started-at="2026-02-17T15:00:10 IST" name="configAC" finished-at="2026-02-17T15:00:12 IST" duration-ms="1569" status="PASS">
          <reporter-output>
          </reporter-output>
        </test-method> <!-- configAC -->
        <test-method is-config="true" signature="configAS()[pri:0, instance:practice.test.InvoiceTest_Listeners@24313fcc]" started-at="2026-02-17T15:00:12 IST" name="configAS" finished-at="2026-02-17T15:00:12 IST" duration-ms="12" status="PASS">
          <reporter-output>
          </reporter-output>
        </test-method> <!-- configAS -->
      </class> <!-- practice.test.InvoiceTest_Listeners -->
    </test> <!-- Default test -->
  </suite> <!-- Default suite -->
</testng-results>
