<?xml version="1.0" encoding="UTF-8"?>
<!-- Generated by org.testng.reporters.JUnitXMLReporter -->
<testsuite ignored="0" hostname="DESKTOP-BE5AN9G" failures="0" tests="2" name="Default test" time="164.082" errors="0" timestamp="2026-02-17T15:00:12 IST">
  <testcase classname="practice.test.InvoiceTest_Listeners" name="createInvoioceTest" time="0.216"/>
  <testcase classname="practice.test.InvoiceTest_Listeners" name="createInvoioceWithContactTest" time="0.03"/>
</testsuite> <!-- Default test -->
